<?xml version="1.0" encoding="UTF-8"?>
<!-- Generated by org.testng.reporters.JUnitReportReporter -->
<testsuite skipped="0" name="com.assets.portal.NegDriverEmployeeID" tests="1" failures="0" timestamp="11 Oct 2018 16:00:34 GMT" time="19.814" errors="0">
  <testcase name="driverCreateTest" time="19.814" classname="com.assets.portal.NegDriverEmployeeID"/>
</testsuite> <!-- com.assets.portal.NegDriverEmployeeID -->
