<?xml version="1.0" encoding="UTF-8"?>
<!-- Generated by org.testng.reporters.JUnitReportReporter -->
<testsuite skipped="0" name="com.assets.portal.DriverCreateTests" tests="1" failures="0" timestamp="28 Aug 2018 19:59:36 GMT" time="21.027" errors="0">
  <testcase name="driverCreateTest" time="21.027" classname="com.assets.portal.DriverCreateTests"/>
</testsuite> <!-- com.assets.portal.DriverCreateTests -->
