<?xml version="1.0" encoding="UTF-8"?>
<!-- Generated by org.testng.reporters.JUnitReportReporter -->
<testsuite skipped="0" name="com.inthinc.my.ExceptionsTests" tests="1" failures="0" timestamp="15 Mar 2019 19:05:41 GMT" time="14.074" errors="0">
  <testcase name="staleElementTest" time="14.074" classname="com.inthinc.my.ExceptionsTests"/>
</testsuite> <!-- com.inthinc.my.ExceptionsTests -->
