<?xml version="1.0" encoding="UTF-8"?>
<!-- Generated by org.testng.reporters.JUnitReportReporter -->
<testsuite skipped="0" name="com.inthinc.my.ReportHosTests" tests="1" failures="0" timestamp="11 Apr 2019 16:08:23 GMT" time="25.525" errors="0">
  <testcase name="reportHosTest" time="25.525" classname="com.inthinc.my.ReportHosTests"/>
</testsuite> <!-- com.inthinc.my.ReportHosTests -->
