<?xml version="1.0" encoding="UTF-8"?>
<!-- Generated by org.testng.reporters.JUnitReportReporter -->
<testsuite skipped="0" name="com.eld.ODC7127" tests="1" failures="0" timestamp="16 Jan 2019 22:30:56 GMT" time="13.328" errors="0">
  <testcase name="chronologicalOrder" time="13.328" classname="com.eld.ODC7127"/>
</testsuite> <!-- com.eld.ODC7127 -->
