<?xml version="1.0" encoding="UTF-8"?>
<!-- Generated by org.testng.reporters.JUnitReportReporter -->
<testsuite skipped="0" name="com.inthinc.my.NegativeTests" tests="4" failures="0" timestamp="11 Apr 2019 16:09:24 GMT" time="33.110" errors="0">
  <testcase name="negativeTest" time="12.296" classname="com.inthinc.my.NegativeTests"/>
  <testcase name="negativeTest" time="3.047" classname="com.inthinc.my.NegativeTests"/>
  <testcase name="negativeTest" time="8.989" classname="com.inthinc.my.NegativeTests"/>
  <testcase name="negativeTest" time="8.778" classname="com.inthinc.my.NegativeTests"/>
</testsuite> <!-- com.inthinc.my.NegativeTests -->
