<?xml version="1.0" encoding="UTF-8"?>
<!-- Generated by org.testng.reporters.JUnitReportReporter -->
<testsuite skipped="0" hostname="anekrasova-ubuntu" name="com.assets.portal.DeleteDriverTests" tests="1" failures="0" timestamp="20 Jul 2018 18:49:14 GMT" time="24.024" errors="0">
  <testcase name="delDriverTest" time="24.024" classname="com.assets.portal.DeleteDriverTests"/>
</testsuite> <!-- com.assets.portal.DeleteDriverTests -->
