<?xml version="1.0" encoding="UTF-8"?>
<!-- Generated by org.testng.reporters.JUnitReportReporter -->
<testsuite skipped="0" name="com.assets.portal.NegDriverNameRequired" tests="1" failures="0" timestamp="11 Oct 2018 15:59:39 GMT" time="18.755" errors="0">
  <testcase name="driverCreateTest" time="18.755" classname="com.assets.portal.NegDriverNameRequired"/>
</testsuite> <!-- com.assets.portal.NegDriverNameRequired -->
