<?xml version="1.0" encoding="UTF-8"?>
<!-- Generated by org.testng.reporters.JUnitReportReporter -->
<testsuite skipped="0" name="com.inthinc.automation.login.DVIRPagetest" tests="2" failures="0" timestamp="19 Feb 2019 18:53:18 GMT" time="35.411" errors="0">
  <testcase name="getbrowser" time="5.366" classname="com.inthinc.automation.login.DVIRPagetest"/>
  <testcase name="getdvirtab" time="30.045" classname="com.inthinc.automation.login.DVIRPagetest"/>
</testsuite> <!-- com.inthinc.automation.login.DVIRPagetest -->
