<?xml version="1.0" encoding="UTF-8"?>
<!-- Generated by org.testng.reporters.JUnitReportReporter -->
<testsuite skipped="0" name="com.report.inthinc.LuisDriverTest" tests="1" failures="0" timestamp="11 Apr 2019 16:06:37 GMT" time="23.102" errors="0">
  <testcase name="driverLuisTest" time="23.102" classname="com.report.inthinc.LuisDriverTest"/>
</testsuite> <!-- com.report.inthinc.LuisDriverTest -->
