<?xml version="1.0" encoding="UTF-8"?>
<!-- Generated by org.testng.reporters.JUnitReportReporter -->
<testsuite skipped="0" name="com.report.inthinc.KrierDriverTest" tests="1" failures="0" timestamp="11 Apr 2019 16:06:36 GMT" time="39.169" errors="0">
  <testcase name="driverKrierTest" time="39.169" classname="com.report.inthinc.KrierDriverTest"/>
</testsuite> <!-- com.report.inthinc.KrierDriverTest -->
