<?xml version="1.0" encoding="UTF-8"?>
<!-- Generated by org.testng.reporters.JUnitReportReporter -->
<testsuite skipped="0" name="com.report.inthinc.KyleDriverTest" tests="1" failures="0" timestamp="11 Apr 2019 16:06:37 GMT" time="23.060" errors="0">
  <testcase name="driverKyleTest" time="23.060" classname="com.report.inthinc.KyleDriverTest"/>
</testsuite> <!-- com.report.inthinc.KyleDriverTest -->
