<?xml version="1.0" encoding="UTF-8"?>
<!-- Generated by org.testng.reporters.JUnitReportReporter -->
<testsuite skipped="0" name="com.inthinc.my.PositiveTests" tests="1" failures="0" timestamp="11 Apr 2019 16:08:44 GMT" time="15.856" errors="0">
  <testcase name="logInTest" time="15.856" classname="com.inthinc.my.PositiveTests"/>
</testsuite> <!-- com.inthinc.my.PositiveTests -->
