<?xml version="1.0" encoding="UTF-8"?>
<!-- Generated by org.testng.reporters.JUnitReportReporter -->
<testsuite skipped="0" name="com.report.inthinc.AaronDriverTest" tests="1" failures="0" timestamp="11 Apr 2019 16:06:37 GMT" time="23.137" errors="0">
  <testcase name="driverAaronTest" time="23.137" classname="com.report.inthinc.AaronDriverTest"/>
</testsuite> <!-- com.report.inthinc.AaronDriverTest -->
