<?xml version="1.0" encoding="UTF-8"?>
<!-- Generated by org.testng.reporters.JUnitReportReporter -->
<testsuite skipped="0" name="com.inthinc.my.ReportTests" tests="1" failures="0" timestamp="11 Apr 2019 16:08:23 GMT" time="26.314" errors="0">
  <testcase name="reportEldTest" time="26.314" classname="com.inthinc.my.ReportTests"/>
</testsuite> <!-- com.inthinc.my.ReportTests -->
