<?xml version="1.0" encoding="UTF-8"?>
<!-- Generated by org.testng.reporters.JUnitReportReporter -->
<testsuite skipped="0" name="com.report.inthinc.WentzDriverTest" tests="1" failures="0" timestamp="11 Apr 2019 16:06:36 GMT" time="22.582" errors="0">
  <testcase name="driverWentzTest" time="22.582" classname="com.report.inthinc.WentzDriverTest"/>
</testsuite> <!-- com.report.inthinc.WentzDriverTest -->
